<?xml version="1.0" encoding="UTF-8"?>
<testng-results skipped="0" failed="1" total="3" passed="2">
  <reporter-output>
  </reporter-output>
  <suite name="Nop Commerce" duration-ms="42773" started-at="2020-10-05T17:10:40Z" finished-at="2020-10-05T17:11:22Z">
    <groups>
    </groups>
    <test name="Run on Firefox" duration-ms="42773" started-at="2020-10-05T17:10:40Z" finished-at="2020-10-05T17:11:22Z">
      <class name="demo.nopcommerce.user.LV03_Register_and_Login_Page_Object">
        <test-method status="PASS" signature="beforeTest()[pri:0, instance:demo.nopcommerce.user.LV03_Register_and_Login_Page_Object@483bf400]" name="beforeTest" is-config="true" duration-ms="9041" started-at="2020-10-06T00:10:40Z" finished-at="2020-10-06T00:10:49Z">
          <reporter-output>
          </reporter-output>
        </test-method> <!-- beforeTest -->
        <test-method status="PASS" signature="TC01_Register_successfully()[pri:0, instance:demo.nopcommerce.user.LV03_Register_and_Login_Page_Object@483bf400]" name="TC01_Register_successfully" duration-ms="7694" started-at="2020-10-06T00:10:49Z" finished-at="2020-10-06T00:10:56Z">
          <reporter-output>
          </reporter-output>
        </test-method> <!-- TC01_Register_successfully -->
        <test-method status="PASS" signature="TC02_Login()[pri:0, instance:demo.nopcommerce.user.LV03_Register_and_Login_Page_Object@483bf400]" name="TC02_Login" duration-ms="15883" started-at="2020-10-06T00:10:56Z" finished-at="2020-10-06T00:11:12Z">
          <reporter-output>
          </reporter-output>
        </test-method> <!-- TC02_Login -->
        <test-method status="FAIL" signature="TC03_View_My_Account()[pri:0, instance:demo.nopcommerce.user.LV03_Register_and_Login_Page_Object@483bf400]" name="TC03_View_My_Account" duration-ms="10026" started-at="2020-10-06T00:11:12Z" finished-at="2020-10-06T00:11:22Z">
          <exception class="java.lang.AssertionError">
            <message>
              <![CDATA[expected [true] but found [false]]]>
            </message>
            <full-stacktrace>
              <![CDATA[java.lang.AssertionError: expected [true] but found [false]
	at org.testng.Assert.fail(Assert.java:94)
	at org.testng.Assert.failNotEquals(Assert.java:496)
	at org.testng.Assert.assertTrue(Assert.java:42)
	at org.testng.Assert.assertTrue(Assert.java:52)
	at demo.nopcommerce.user.LV03_Register_and_Login_Page_Object.TC03_View_My_Account(LV03_Register_and_Login_Page_Object.java:87)
	at sun.reflect.NativeMethodAccessorImpl.invoke0(Native Method)
	at sun.reflect.NativeMethodAccessorImpl.invoke(Unknown Source)
	at sun.reflect.DelegatingMethodAccessorImpl.invoke(Unknown Source)
	at java.lang.reflect.Method.invoke(Unknown Source)
	at org.testng.internal.MethodInvocationHelper.invokeMethod(MethodInvocationHelper.java:85)
	at org.testng.internal.Invoker.invokeMethod(Invoker.java:639)
	at org.testng.internal.Invoker.invokeTestMethod(Invoker.java:816)
	at org.testng.internal.Invoker.invokeTestMethods(Invoker.java:1124)
	at org.testng.internal.TestMethodWorker.invokeTestMethods(TestMethodWorker.java:125)
	at org.testng.internal.TestMethodWorker.run(TestMethodWorker.java:108)
	at org.testng.TestRunner.privateRun(TestRunner.java:774)
	at org.testng.TestRunner.run(TestRunner.java:624)
	at org.testng.SuiteRunner.runTest(SuiteRunner.java:359)
	at org.testng.SuiteRunner.runSequentially(SuiteRunner.java:354)
	at org.testng.SuiteRunner.privateRun(SuiteRunner.java:312)
	at org.testng.SuiteRunner.run(SuiteRunner.java:261)
	at org.testng.SuiteRunnerWorker.runSuite(SuiteRunnerWorker.java:52)
	at org.testng.SuiteRunnerWorker.run(SuiteRunnerWorker.java:86)
	at org.testng.TestNG.runSuitesSequentially(TestNG.java:1215)
	at org.testng.TestNG.runSuitesLocally(TestNG.java:1140)
	at org.testng.TestNG.run(TestNG.java:1048)
	at org.testng.remote.RemoteTestNG.run(RemoteTestNG.java:112)
	at org.testng.remote.RemoteTestNG.initAndRun(RemoteTestNG.java:205)
	at org.testng.remote.RemoteTestNG.main(RemoteTestNG.java:176)
]]>
            </full-stacktrace>
          </exception> <!-- java.lang.AssertionError -->
          <reporter-output>
          </reporter-output>
        </test-method> <!-- TC03_View_My_Account -->
        <test-method status="PASS" signature="afterTest()[pri:0, instance:demo.nopcommerce.user.LV03_Register_and_Login_Page_Object@483bf400]" name="afterTest" is-config="true" duration-ms="108" started-at="2020-10-06T00:11:22Z" finished-at="2020-10-06T00:11:22Z">
          <reporter-output>
          </reporter-output>
        </test-method> <!-- afterTest -->
      </class> <!-- demo.nopcommerce.user.LV03_Register_and_Login_Page_Object -->
    </test> <!-- Run on Firefox -->
  </suite> <!-- Nop Commerce -->
</testng-results>
