<?xml version="1.0" encoding="UTF-8"?>
<testng-results skipped="3" failed="0" total="3" passed="0">
  <reporter-output>
  </reporter-output>
  <suite name="Nop Commerce" duration-ms="48757" started-at="2020-09-25T19:03:34Z" finished-at="2020-09-25T19:04:23Z">
    <groups>
    </groups>
    <test name="Run on Firefox" duration-ms="48757" started-at="2020-09-25T19:03:34Z" finished-at="2020-09-25T19:04:23Z">
      <class name="DRY.LV02_Login01_Register_and_Login_AbstractPage_01">
        <test-method status="FAIL" signature="beforeTest()[pri:0, instance:DRY.LV02_Login01_Register_and_Login_AbstractPage_01@2ac1fdc4]" name="beforeTest" is-config="true" duration-ms="0" started-at="2020-09-26T02:03:34Z" finished-at="2020-09-26T02:03:34Z">
          <exception class="org.openqa.selenium.WebDriverException">
            <message>
              <![CDATA[Failed to connect to binary FirefoxBinary(C:\Program Files\Mozilla Firefox\firefox.exe) on port 7055; process output follows: 
JavaScript error: resource://gre/modules/XULStore.jsm, line 66: Error: Can't find profile directory.

###!!! [Child][RunMessage] Error: Channel closing: too late to send/recv, messages will be lost


###!!! [Child][MessageChannel::SendAndWait] Error: Channel error: cannot send/recv


Build info: version: '2.53.1', revision: 'a36b8b1', time: '2016-06-30 17:37:03'
System info: host: 'Trung-PC', ip: '192.168.0.5', os.name: 'Windows 10', os.arch: 'amd64', os.version: '10.0', java.version: '1.8.0_251'
Driver info: driver.version: FirefoxDriver]]>
            </message>
            <full-stacktrace>
              <![CDATA[org.openqa.selenium.WebDriverException: Failed to connect to binary FirefoxBinary(C:\Program Files\Mozilla Firefox\firefox.exe) on port 7055; process output follows: 
JavaScript error: resource://gre/modules/XULStore.jsm, line 66: Error: Can't find profile directory.

###!!! [Child][RunMessage] Error: Channel closing: too late to send/recv, messages will be lost


###!!! [Child][MessageChannel::SendAndWait] Error: Channel error: cannot send/recv


Build info: version: '2.53.1', revision: 'a36b8b1', time: '2016-06-30 17:37:03'
System info: host: 'Trung-PC', ip: '192.168.0.5', os.name: 'Windows 10', os.arch: 'amd64', os.version: '10.0', java.version: '1.8.0_251'
Driver info: driver.version: FirefoxDriver
	at org.openqa.selenium.firefox.internal.NewProfileExtensionConnection.start(NewProfileExtensionConnection.java:124)
	at org.openqa.selenium.firefox.FirefoxDriver.startClient(FirefoxDriver.java:271)
	at org.openqa.selenium.remote.RemoteWebDriver.<init>(RemoteWebDriver.java:119)
	at org.openqa.selenium.firefox.FirefoxDriver.<init>(FirefoxDriver.java:218)
	at org.openqa.selenium.firefox.FirefoxDriver.<init>(FirefoxDriver.java:211)
	at org.openqa.selenium.firefox.FirefoxDriver.<init>(FirefoxDriver.java:207)
	at org.openqa.selenium.firefox.FirefoxDriver.<init>(FirefoxDriver.java:120)
	at DRY.LV02_Login01_Register_and_Login_AbstractPage_01.beforeTest(LV02_Login01_Register_and_Login_AbstractPage_01.java:27)
	at sun.reflect.NativeMethodAccessorImpl.invoke0(Native Method)
	at sun.reflect.NativeMethodAccessorImpl.invoke(Unknown Source)
	at sun.reflect.DelegatingMethodAccessorImpl.invoke(Unknown Source)
	at java.lang.reflect.Method.invoke(Unknown Source)
	at org.testng.internal.MethodInvocationHelper.invokeMethod(MethodInvocationHelper.java:85)
	at org.testng.internal.Invoker.invokeConfigurationMethod(Invoker.java:510)
	at org.testng.internal.Invoker.invokeConfigurations(Invoker.java:211)
	at org.testng.internal.Invoker.invokeConfigurations(Invoker.java:138)
	at org.testng.TestRunner.beforeRun(TestRunner.java:648)
	at org.testng.TestRunner.run(TestRunner.java:616)
	at org.testng.SuiteRunner.runTest(SuiteRunner.java:359)
	at org.testng.SuiteRunner.runSequentially(SuiteRunner.java:354)
	at org.testng.SuiteRunner.privateRun(SuiteRunner.java:312)
	at org.testng.SuiteRunner.run(SuiteRunner.java:261)
	at org.testng.SuiteRunnerWorker.runSuite(SuiteRunnerWorker.java:52)
	at org.testng.SuiteRunnerWorker.run(SuiteRunnerWorker.java:86)
	at org.testng.TestNG.runSuitesSequentially(TestNG.java:1215)
	at org.testng.TestNG.runSuitesLocally(TestNG.java:1140)
	at org.testng.TestNG.run(TestNG.java:1048)
	at org.testng.remote.RemoteTestNG.run(RemoteTestNG.java:112)
	at org.testng.remote.RemoteTestNG.initAndRun(RemoteTestNG.java:205)
	at org.testng.remote.RemoteTestNG.main(RemoteTestNG.java:176)
Caused by: org.openqa.selenium.firefox.NotConnectedException: Unable to connect to host 127.0.0.1 on port 7055 after 45000 ms. Firefox console output:
JavaScript error: resource://gre/modules/XULStore.jsm, line 66: Error: Can't find profile directory.

###!!! [Child][RunMessage] Error: Channel closing: too late to send/recv, messages will be lost


###!!! [Child][MessageChannel::SendAndWait] Error: Channel error: cannot send/recv


	at org.openqa.selenium.firefox.internal.NewProfileExtensionConnection.start(NewProfileExtensionConnection.java:112)
	... 29 more
]]>
            </full-stacktrace>
          </exception> <!-- org.openqa.selenium.WebDriverException -->
          <reporter-output>
          </reporter-output>
        </test-method> <!-- beforeTest -->
        <test-method status="SKIP" signature="TC01_Register_successfully()[pri:0, instance:DRY.LV02_Login01_Register_and_Login_AbstractPage_01@2ac1fdc4]" name="TC01_Register_successfully" duration-ms="1" started-at="2020-09-26T02:04:23Z" finished-at="2020-09-26T02:04:23Z">
          <reporter-output>
          </reporter-output>
        </test-method> <!-- TC01_Register_successfully -->
        <test-method status="SKIP" signature="TC02_Login()[pri:0, instance:DRY.LV02_Login01_Register_and_Login_AbstractPage_01@2ac1fdc4]" name="TC02_Login" duration-ms="1" started-at="2020-09-26T02:04:23Z" finished-at="2020-09-26T02:04:23Z">
          <reporter-output>
          </reporter-output>
        </test-method> <!-- TC02_Login -->
        <test-method status="SKIP" signature="TC03_View_My_Account()[pri:0, instance:DRY.LV02_Login01_Register_and_Login_AbstractPage_01@2ac1fdc4]" name="TC03_View_My_Account" duration-ms="0" started-at="2020-09-26T02:04:23Z" finished-at="2020-09-26T02:04:23Z">
          <reporter-output>
          </reporter-output>
        </test-method> <!-- TC03_View_My_Account -->
        <test-method status="SKIP" signature="afterTest()[pri:0, instance:DRY.LV02_Login01_Register_and_Login_AbstractPage_01@2ac1fdc4]" name="afterTest" is-config="true" duration-ms="0" started-at="2020-09-26T02:04:23Z" finished-at="2020-09-26T02:04:23Z">
          <reporter-output>
          </reporter-output>
        </test-method> <!-- afterTest -->
      </class> <!-- DRY.LV02_Login01_Register_and_Login_AbstractPage_01 -->
    </test> <!-- Run on Firefox -->
  </suite> <!-- Nop Commerce -->
</testng-results>
