<?xml version="1.0" encoding="UTF-8"?>
<!-- Generated by org.testng.reporters.JUnitXMLReporter -->
<testsuite hostname="Trung-PC" name="Run on Firefox" tests="3" failures="1" timestamp="5 Oct 2020 17:11:23 GMT" time="42.773" errors="0">
  <testcase name="TC01_Register_successfully" time="7.694" classname="demo.nopcommerce.user.LV03_Register_and_Login_Page_Object"/>
  <testcase name="TC02_Login" time="15.883" classname="demo.nopcommerce.user.LV03_Register_and_Login_Page_Object"/>
  <testcase name="TC03_View_My_Account" time="10.026" classname="demo.nopcommerce.user.LV03_Register_and_Login_Page_Object">
    <failure type="java.lang.AssertionError" message="expected [true] but found [false]">
      <![CDATA[java.lang.AssertionError: expected [true] but found [false]
	at demo.nopcommerce.user.LV03_Register_and_Login_Page_Object.TC03_View_My_Account(LV03_Register_and_Login_Page_Object.java:87)
... Removed 28 stack frames]]>
    </failure>
  </testcase> <!-- TC03_View_My_Account -->
</testsuite> <!-- Run on Firefox -->
