<?xml version="1.0" encoding="UTF-8"?>
<!-- Generated by org.testng.reporters.JUnitReportReporter -->
<testsuite hostname="Trung-PC" name="DRY.Login01_Register_and_Login" tests="2" failures="0" timestamp="31 Aug 2020 17:15:31 GMT" time="10.887" errors="0">
  <testcase name="TC02_Login" time="6.246" classname="DRY.Login01_Register_and_Login"/>
  <testcase name="TC01_Register_successfully" time="4.641" classname="DRY.Login01_Register_and_Login"/>
</testsuite> <!-- DRY.Login01_Register_and_Login -->
